2026-06-29 09:55:37 | INFO | ============================================================
2026-06-29 09:55:37 | INFO | SERVER HEALTH MONITOR STARTED
2026-06-29 09:55:39 | INFO | Hostname : NISE_HARITH
2026-06-29 09:55:39 | INFO | IP Address : 192.168.1.12
2026-06-29 09:55:39 | INFO | Operating System : Windows
2026-06-29 09:55:39 | INFO | CPU Usage : 21.10%
2026-06-29 09:55:39 | INFO | Memory Usage : 57.60%
2026-06-29 09:55:39 | INFO | Disk Usage : 73.40%
2026-06-29 09:55:39 | INFO | CPU Status : Normal
2026-06-29 09:55:39 | INFO | Memory Status : Normal
2026-06-29 09:55:39 | INFO | Disk Status : Normal
2026-06-29 09:55:39 | INFO | Health information saved successfully.
2026-06-29 09:55:39 | INFO | ============================================================
2026-06-29 10:16:44 | INFO | ============================================================
2026-06-29 10:16:44 | INFO | SERVER HEALTH MONITOR STARTED
2026-06-29 10:16:45 | INFO | Hostname : NISE_HARITH
2026-06-29 10:16:45 | INFO | IP Address : 192.168.1.12
2026-06-29 10:16:45 | INFO | Operating System : Windows
2026-06-29 10:16:45 | INFO | CPU Usage : 12.90%
2026-06-29 10:16:45 | INFO | Memory Usage : 56.90%
2026-06-29 10:16:45 | INFO | Disk Usage : 73.60%
2026-06-29 10:16:45 | INFO | CPU Status : Normal
2026-06-29 10:16:45 | INFO | Memory Status : Normal
2026-06-29 10:16:45 | INFO | Disk Status : Normal
2026-06-29 10:16:45 | INFO | Health information saved successfully.
2026-06-29 10:16:45 | INFO | ============================================================
2026-06-29 10:32:18 | INFO | ============================================================
2026-06-29 10:32:18 | INFO | SERVER HEALTH MONITOR STARTED
2026-06-29 10:32:19 | INFO | Hostname : NISE_HARITH
2026-06-29 10:32:19 | INFO | IP Address : 192.168.1.12
2026-06-29 10:32:19 | INFO | Operating System : Windows
2026-06-29 10:32:19 | INFO | CPU Usage : 11.30%
2026-06-29 10:32:19 | INFO | Memory Usage : 59.30%
2026-06-29 10:32:19 | INFO | Disk Usage : 73.60%
2026-06-29 10:32:19 | INFO | CPU Status : Normal
2026-06-29 10:32:19 | INFO | Memory Status : Normal
2026-06-29 10:32:19 | INFO | Disk Status : Normal
2026-06-29 10:32:19 | INFO | Health information saved successfully.
2026-06-29 10:32:19 | INFO | ============================================================
2026-06-29 10:32:35 | INFO | ============================================================
2026-06-29 10:32:35 | INFO | SERVER HEALTH MONITOR STARTED
2026-06-29 10:32:36 | INFO | Hostname : NISE_HARITH
2026-06-29 10:32:36 | INFO | IP Address : 192.168.1.12
2026-06-29 10:32:36 | INFO | Operating System : Windows
2026-06-29 10:32:36 | INFO | CPU Usage : 8.30%
2026-06-29 10:32:36 | INFO | Memory Usage : 59.40%
2026-06-29 10:32:36 | INFO | Disk Usage : 73.60%
2026-06-29 10:32:36 | INFO | CPU Status : Normal
2026-06-29 10:32:36 | INFO | Memory Status : Normal
2026-06-29 10:32:36 | INFO | Disk Status : Normal
2026-06-29 10:32:36 | INFO | Health information saved successfully.
2026-06-29 10:32:36 | INFO | ============================================================
2026-06-29 10:33:07 | INFO | ============================================================
2026-06-29 10:33:07 | INFO | SERVER HEALTH MONITOR STARTED
2026-06-29 10:33:08 | INFO | Hostname : NISE_HARITH
2026-06-29 10:33:08 | INFO | IP Address : 192.168.1.12
2026-06-29 10:33:08 | INFO | Operating System : Windows
2026-06-29 10:33:08 | INFO | CPU Usage : 14.80%
2026-06-29 10:33:08 | INFO | Memory Usage : 59.40%
2026-06-29 10:33:08 | INFO | Disk Usage : 73.60%
2026-06-29 10:33:08 | INFO | CPU Status : Normal
2026-06-29 10:33:08 | INFO | Memory Status : Normal
2026-06-29 10:33:08 | INFO | Disk Status : Normal
2026-06-29 10:33:08 | INFO | Health information saved successfully.
2026-06-29 10:33:08 | INFO | ============================================================
2026-06-29 11:07:36 | INFO | ============================================================
2026-06-29 11:07:36 | INFO | SERVER HEALTH MONITOR STARTED
2026-06-29 11:07:37 | INFO | Hostname : NISE_HARITH
2026-06-29 11:07:37 | INFO | IP Address : 192.168.1.12
2026-06-29 11:07:37 | INFO | Operating System : Windows
2026-06-29 11:07:37 | INFO | CPU Usage : 7.80%
2026-06-29 11:07:37 | INFO | Memory Usage : 57.70%
2026-06-29 11:07:37 | INFO | Disk Usage : 73.60%
2026-06-29 11:07:37 | INFO | CPU Status : Normal
2026-06-29 11:07:37 | INFO | Memory Status : Normal
2026-06-29 11:07:37 | INFO | Disk Status : Normal
2026-06-29 11:07:37 | INFO | Health information saved successfully.
2026-06-29 11:07:37 | INFO | ============================================================
2026-06-29 11:07:46 | INFO | ============================================================
2026-06-29 11:07:46 | INFO | SERVER HEALTH MONITOR STARTED
2026-06-29 11:07:47 | INFO | Hostname : NISE_HARITH
2026-06-29 11:07:47 | INFO | IP Address : 192.168.1.12
2026-06-29 11:07:47 | INFO | Operating System : Windows
2026-06-29 11:07:47 | INFO | CPU Usage : 20.50%
2026-06-29 11:07:47 | INFO | Memory Usage : 59.10%
2026-06-29 11:07:47 | INFO | Disk Usage : 73.60%
2026-06-29 11:07:47 | INFO | CPU Status : Normal
2026-06-29 11:07:47 | INFO | Memory Status : Normal
2026-06-29 11:07:47 | INFO | Disk Status : Normal
2026-06-29 11:07:47 | INFO | Health information saved successfully.
2026-06-29 11:07:47 | INFO | ============================================================
2026-06-29 11:10:40 | INFO | ============================================================
2026-06-29 11:10:40 | INFO | SERVER HEALTH MONITOR STARTED
2026-06-29 11:10:41 | INFO | Hostname : NISE_HARITH
2026-06-29 11:10:41 | INFO | IP Address : 192.168.1.12
2026-06-29 11:10:41 | INFO | Operating System : Windows
2026-06-29 11:10:41 | INFO | CPU Usage : 11.40%
2026-06-29 11:10:41 | INFO | Memory Usage : 58.20%
2026-06-29 11:10:41 | INFO | Disk Usage : 73.60%
2026-06-29 11:10:41 | INFO | CPU Status : Normal
2026-06-29 11:10:41 | INFO | Memory Status : Normal
2026-06-29 11:10:41 | INFO | Disk Status : Normal
2026-06-29 11:10:41 | INFO | Health information saved successfully.
2026-06-29 11:10:41 | INFO | ============================================================
2026-06-29 11:24:50 | INFO | ============================================================
2026-06-29 11:24:50 | INFO | SERVER HEALTH MONITOR STARTED
2026-06-29 11:24:51 | INFO | Hostname : NISE_HARITH
2026-06-29 11:24:51 | INFO | IP Address : 192.168.1.12
2026-06-29 11:24:51 | INFO | Operating System : Windows
2026-06-29 11:24:51 | INFO | CPU Usage : 12.60%
2026-06-29 11:24:51 | INFO | Memory Usage : 57.50%
2026-06-29 11:24:51 | INFO | Disk Usage : 73.70%
2026-06-29 11:24:51 | INFO | CPU Status : Normal
2026-06-29 11:24:51 | INFO | Memory Status : Normal
2026-06-29 11:24:51 | INFO | Disk Status : Normal
2026-06-29 11:24:51 | INFO | Health information saved successfully.
2026-06-29 11:24:51 | INFO | ============================================================
2026-06-29 11:25:08 | INFO | ============================================================
2026-06-29 11:25:08 | INFO | SERVER HEALTH MONITOR STARTED
2026-06-29 11:25:10 | INFO | Hostname : NISE_HARITH
2026-06-29 11:25:10 | INFO | IP Address : 192.168.1.12
2026-06-29 11:25:10 | INFO | Operating System : Windows
2026-06-29 11:25:10 | INFO | CPU Usage : 16.00%
2026-06-29 11:25:10 | INFO | Memory Usage : 57.70%
2026-06-29 11:25:10 | INFO | Disk Usage : 73.70%
2026-06-29 11:25:10 | INFO | CPU Status : Normal
2026-06-29 11:25:10 | INFO | Memory Status : Normal
2026-06-29 11:25:10 | INFO | Disk Status : Normal
2026-06-29 11:25:10 | INFO | Health information saved successfully.
2026-06-29 11:25:10 | INFO | ============================================================
2026-06-29 11:35:01 | INFO | ============================================================
2026-06-29 11:35:01 | INFO | SERVER HEALTH MONITOR STARTED
2026-06-29 11:35:03 | INFO | Hostname : NISE_HARITH
2026-06-29 11:35:03 | INFO | IP Address : 192.168.1.12
2026-06-29 11:35:03 | INFO | Operating System : Windows
2026-06-29 11:35:03 | INFO | CPU Usage : 12.40%
2026-06-29 11:35:03 | INFO | Memory Usage : 56.40%
2026-06-29 11:35:03 | INFO | Disk Usage : 73.70%
2026-06-29 11:35:03 | INFO | CPU Status : Normal
2026-06-29 11:35:03 | INFO | Memory Status : Normal
2026-06-29 11:35:03 | INFO | Disk Status : Normal
2026-06-29 11:35:03 | INFO | Health information saved successfully.
2026-06-29 11:35:03 | INFO | ============================================================
2026-06-29 11:40:02 | INFO | ============================================================
2026-06-29 11:40:02 | INFO | SERVER HEALTH MONITOR STARTED
2026-06-29 11:40:03 | INFO | Hostname : NISE_HARITH
2026-06-29 11:40:03 | INFO | IP Address : 192.168.1.12
2026-06-29 11:40:03 | INFO | Operating System : Windows
2026-06-29 11:40:03 | INFO | CPU Usage : 25.60%
2026-06-29 11:40:03 | INFO | Memory Usage : 58.60%
2026-06-29 11:40:03 | INFO | Disk Usage : 73.70%
2026-06-29 11:40:03 | INFO | CPU Status : Normal
2026-06-29 11:40:03 | INFO | Memory Status : Normal
2026-06-29 11:40:03 | INFO | Disk Status : Normal
2026-06-29 11:40:03 | INFO | Health information saved successfully.
2026-06-29 11:40:03 | INFO | ============================================================
2026-06-29 11:45:01 | INFO | ============================================================
2026-06-29 11:45:01 | INFO | SERVER HEALTH MONITOR STARTED
2026-06-29 11:45:03 | INFO | Hostname : NISE_HARITH
2026-06-29 11:45:03 | INFO | IP Address : 192.168.1.12
2026-06-29 11:45:03 | INFO | Operating System : Windows
2026-06-29 11:45:03 | INFO | CPU Usage : 14.90%
2026-06-29 11:45:03 | INFO | Memory Usage : 59.20%
2026-06-29 11:45:03 | INFO | Disk Usage : 73.60%
2026-06-29 11:45:03 | INFO | CPU Status : Normal
2026-06-29 11:45:03 | INFO | Memory Status : Normal
2026-06-29 11:45:03 | INFO | Disk Status : Normal
2026-06-29 11:45:03 | INFO | Health information saved successfully.
2026-06-29 11:45:03 | INFO | ============================================================
2026-06-29 11:47:18 | INFO | ============================================================
2026-06-29 11:47:18 | INFO | SERVER HEALTH MONITOR STARTED
2026-06-29 11:47:20 | INFO | Hostname : NISE_HARITH
2026-06-29 11:47:20 | INFO | IP Address : 192.168.1.12
2026-06-29 11:47:20 | INFO | Operating System : Windows
2026-06-29 11:47:20 | INFO | CPU Usage : 18.70%
2026-06-29 11:47:20 | INFO | Memory Usage : 60.20%
2026-06-29 11:47:20 | INFO | Disk Usage : 73.60%
2026-06-29 11:47:20 | INFO | CPU Status : Normal
2026-06-29 11:47:20 | INFO | Memory Status : Normal
2026-06-29 11:47:20 | INFO | Disk Status : Normal
2026-06-29 11:47:20 | INFO | Health information saved successfully.
2026-06-29 11:47:20 | INFO | ============================================================
2026-06-29 11:50:02 | INFO | ============================================================
2026-06-29 11:50:02 | INFO | SERVER HEALTH MONITOR STARTED
2026-06-29 11:50:03 | INFO | Hostname : NISE_HARITH
2026-06-29 11:50:03 | INFO | IP Address : 192.168.1.12
2026-06-29 11:50:03 | INFO | Operating System : Windows
2026-06-29 11:50:03 | INFO | CPU Usage : 18.10%
2026-06-29 11:50:03 | INFO | Memory Usage : 63.60%
2026-06-29 11:50:03 | INFO | Disk Usage : 73.70%
2026-06-29 11:50:03 | INFO | CPU Status : Normal
2026-06-29 11:50:03 | INFO | Memory Status : Normal
2026-06-29 11:50:03 | INFO | Disk Status : Normal
2026-06-29 11:50:03 | INFO | Health information saved successfully.
2026-06-29 11:50:03 | INFO | ============================================================
2026-06-29 11:55:02 | INFO | ============================================================
2026-06-29 11:55:02 | INFO | SERVER HEALTH MONITOR STARTED
2026-06-29 11:55:03 | INFO | Hostname : NISE_HARITH
2026-06-29 11:55:03 | INFO | IP Address : 192.168.1.12
2026-06-29 11:55:03 | INFO | Operating System : Windows
2026-06-29 11:55:03 | INFO | CPU Usage : 30.20%
2026-06-29 11:55:03 | INFO | Memory Usage : 61.50%
2026-06-29 11:55:03 | INFO | Disk Usage : 73.70%
2026-06-29 11:55:03 | INFO | CPU Status : Normal
2026-06-29 11:55:03 | INFO | Memory Status : Normal
2026-06-29 11:55:03 | INFO | Disk Status : Normal
2026-06-29 11:55:03 | INFO | Health information saved successfully.
2026-06-29 11:55:03 | INFO | ============================================================
2026-06-29 12:00:02 | INFO | ============================================================
2026-06-29 12:00:02 | INFO | SERVER HEALTH MONITOR STARTED
2026-06-29 12:00:04 | INFO | Hostname : NISE_HARITH
2026-06-29 12:00:04 | INFO | IP Address : 192.168.1.12
2026-06-29 12:00:04 | INFO | Operating System : Windows
2026-06-29 12:00:04 | INFO | CPU Usage : 42.00%
2026-06-29 12:00:04 | INFO | Memory Usage : 62.20%
2026-06-29 12:00:04 | INFO | Disk Usage : 73.70%
2026-06-29 12:00:04 | INFO | CPU Status : Normal
2026-06-29 12:00:04 | INFO | Memory Status : Normal
2026-06-29 12:00:04 | INFO | Disk Status : Normal
2026-06-29 12:00:04 | INFO | Health information saved successfully.
2026-06-29 12:00:04 | INFO | ============================================================
2026-06-29 12:05:01 | INFO | ============================================================
2026-06-29 12:05:01 | INFO | SERVER HEALTH MONITOR STARTED
2026-06-29 12:05:03 | INFO | Hostname : NISE_HARITH
2026-06-29 12:05:03 | INFO | IP Address : 192.168.1.12
2026-06-29 12:05:03 | INFO | Operating System : Windows
2026-06-29 12:05:03 | INFO | CPU Usage : 13.90%
2026-06-29 12:05:03 | INFO | Memory Usage : 61.50%
2026-06-29 12:05:03 | INFO | Disk Usage : 73.70%
2026-06-29 12:05:03 | INFO | CPU Status : Normal
2026-06-29 12:05:03 | INFO | Memory Status : Normal
2026-06-29 12:05:03 | INFO | Disk Status : Normal
2026-06-29 12:05:03 | INFO | Health information saved successfully.
2026-06-29 12:05:03 | INFO | ============================================================
2026-06-29 12:10:01 | INFO | ============================================================
2026-06-29 12:10:01 | INFO | SERVER HEALTH MONITOR STARTED
2026-06-29 12:10:03 | INFO | Hostname : NISE_HARITH
2026-06-29 12:10:03 | INFO | IP Address : 192.168.1.12
2026-06-29 12:10:03 | INFO | Operating System : Windows
2026-06-29 12:10:03 | INFO | CPU Usage : 16.00%
2026-06-29 12:10:03 | INFO | Memory Usage : 62.40%
2026-06-29 12:10:03 | INFO | Disk Usage : 73.70%
2026-06-29 12:10:03 | INFO | CPU Status : Normal
2026-06-29 12:10:03 | INFO | Memory Status : Normal
2026-06-29 12:10:03 | INFO | Disk Status : Normal
2026-06-29 12:15:01 | INFO | ============================================================
2026-06-29 12:15:01 | INFO | SERVER HEALTH MONITOR STARTED
2026-06-29 12:15:03 | INFO | Hostname : NISE_HARITH
2026-06-29 12:15:03 | INFO | IP Address : 192.168.1.12
2026-06-29 12:15:03 | INFO | Operating System : Windows
2026-06-29 12:15:03 | INFO | CPU Usage : 25.60%
2026-06-29 12:15:03 | INFO | Memory Usage : 61.30%
2026-06-29 12:15:03 | INFO | Disk Usage : 73.70%
2026-06-29 12:15:03 | INFO | CPU Status : Normal
2026-06-29 12:15:03 | INFO | Memory Status : Normal
2026-06-29 12:15:03 | INFO | Disk Status : Normal
2026-06-29 12:15:03 | INFO | Health information saved successfully.
2026-06-29 12:15:03 | INFO | ============================================================
2026-06-29 12:20:01 | INFO | ============================================================
2026-06-29 12:20:01 | INFO | SERVER HEALTH MONITOR STARTED
2026-06-29 12:20:03 | INFO | Hostname : NISE_HARITH
2026-06-29 12:20:03 | INFO | IP Address : 192.168.1.12
2026-06-29 12:20:03 | INFO | Operating System : Windows
2026-06-29 12:20:03 | INFO | CPU Usage : 7.80%
2026-06-29 12:20:03 | INFO | Memory Usage : 61.00%
2026-06-29 12:20:03 | INFO | Disk Usage : 73.60%
2026-06-29 12:20:03 | INFO | CPU Status : Normal
2026-06-29 12:20:03 | INFO | Memory Status : Normal
2026-06-29 12:20:03 | INFO | Disk Status : Normal
2026-06-29 12:20:03 | INFO | Health information saved successfully.
2026-06-29 12:20:03 | INFO | ============================================================
2026-06-29 12:39:02 | INFO | ============================================================
2026-06-29 12:39:02 | INFO | SERVER HEALTH MONITOR STARTED
2026-06-29 12:39:03 | INFO | Hostname : NISE_HARITH
2026-06-29 12:39:03 | INFO | IP Address : 192.168.1.12
2026-06-29 12:39:03 | INFO | Operating System : Windows
2026-06-29 12:39:03 | INFO | CPU Usage : 80.00%
2026-06-29 12:39:03 | INFO | Memory Usage : 61.50%
2026-06-29 12:39:03 | INFO | Disk Usage : 73.60%
2026-06-29 12:39:03 | INFO | CPU Status : High
2026-06-29 12:39:03 | INFO | Memory Status : Normal
2026-06-29 12:39:03 | INFO | Disk Status : Normal
2026-06-29 12:39:03 | WARNING | CPU usage exceeded threshold (80.00%)
2026-06-29 12:39:03 | INFO | Health information saved successfully.
2026-06-29 12:39:03 | INFO | ============================================================
2026-06-29 12:40:02 | INFO | ============================================================
2026-06-29 12:40:02 | INFO | SERVER HEALTH MONITOR STARTED
2026-06-29 12:40:03 | INFO | Hostname : NISE_HARITH
2026-06-29 12:40:03 | INFO | IP Address : 192.168.1.12
2026-06-29 12:40:03 | INFO | Operating System : Windows
2026-06-29 12:40:03 | INFO | CPU Usage : 10.40%
2026-06-29 12:40:03 | INFO | Memory Usage : 59.90%
2026-06-29 12:40:03 | INFO | Disk Usage : 73.60%
2026-06-29 12:40:03 | INFO | CPU Status : Normal
2026-06-29 12:40:03 | INFO | Memory Status : Normal
2026-06-29 12:40:03 | INFO | Disk Status : Normal
2026-06-29 12:40:03 | INFO | Health information saved successfully.
2026-06-29 12:40:03 | INFO | ============================================================
2026-06-29 13:56:56 | INFO | ============================================================
2026-06-29 13:56:56 | INFO | SERVER HEALTH MONITOR STARTED
2026-06-29 13:56:57 | INFO | Hostname : NISE_HARITH
2026-06-29 13:56:57 | INFO | IP Address : 192.168.1.12
2026-06-29 13:56:57 | INFO | Operating System : Windows
2026-06-29 13:56:57 | INFO | CPU Usage : 68.90%
2026-06-29 13:56:57 | INFO | Memory Usage : 63.30%
2026-06-29 13:56:57 | INFO | Disk Usage : 73.60%
2026-06-29 13:56:57 | INFO | CPU Status : Normal
2026-06-29 13:56:57 | INFO | Memory Status : Normal
2026-06-29 13:56:57 | INFO | Disk Status : Normal
2026-06-29 13:56:57 | INFO | Health information saved successfully.
2026-06-29 13:56:57 | INFO | ============================================================
2026-06-29 14:00:01 | INFO | ============================================================
2026-06-29 14:00:01 | INFO | SERVER HEALTH MONITOR STARTED
2026-06-29 14:00:03 | INFO | Hostname : NISE_HARITH
2026-06-29 14:00:03 | INFO | IP Address : 192.168.1.12
2026-06-29 14:00:03 | INFO | Operating System : Windows
2026-06-29 14:00:03 | INFO | CPU Usage : 7.70%
2026-06-29 14:00:03 | INFO | Memory Usage : 63.00%
2026-06-29 14:00:03 | INFO | Disk Usage : 73.60%
2026-06-29 14:00:03 | INFO | CPU Status : Normal
2026-06-29 14:00:03 | INFO | Memory Status : Normal
2026-06-29 14:00:03 | INFO | Disk Status : Normal
2026-06-29 14:00:03 | INFO | Health information saved successfully.
2026-06-29 14:00:03 | INFO | ============================================================
2026-06-29 14:21:27 | INFO | ============================================================
2026-06-29 14:21:27 | INFO | SERVER HEALTH MONITOR STARTED
2026-06-29 14:21:28 | INFO | Hostname : NISE_HARITH
2026-06-29 14:21:28 | INFO | IP Address : 192.168.1.12
2026-06-29 14:21:28 | INFO | Operating System : Windows
2026-06-29 14:21:28 | INFO | CPU Usage : 21.40%
2026-06-29 14:21:28 | INFO | Memory Usage : 63.10%
2026-06-29 14:21:28 | INFO | Disk Usage : 73.70%
2026-06-29 14:21:28 | INFO | CPU Status : High
2026-06-29 14:21:28 | INFO | Memory Status : High
2026-06-29 14:21:28 | INFO | Disk Status : High
2026-06-29 14:21:28 | WARNING | CPU usage exceeded threshold (21.40%)
2026-06-29 14:21:28 | WARNING | Memory usage exceeded threshold (63.10%)
2026-06-29 14:21:28 | WARNING | Disk usage exceeded threshold (73.70%)
2026-06-29 14:21:31 | INFO | Health information saved successfully.
2026-06-29 14:21:31 | INFO | ============================================================
2026-06-29 15:00:02 | INFO | ============================================================
2026-06-29 15:00:02 | INFO | SERVER HEALTH MONITOR STARTED
2026-06-29 15:00:03 | INFO | Hostname : NISE_HARITH
2026-06-29 15:00:03 | INFO | IP Address : 192.168.1.19
2026-06-29 15:00:03 | INFO | Operating System : Windows
2026-06-29 15:00:03 | INFO | CPU Usage : 13.80%
2026-06-29 15:00:03 | INFO | Memory Usage : 63.40%
2026-06-29 15:00:03 | INFO | Disk Usage : 73.60%
2026-06-29 15:00:03 | INFO | CPU Status : High
2026-06-29 15:00:03 | INFO | Memory Status : High
2026-06-29 15:00:03 | INFO | Disk Status : High
2026-06-29 15:00:03 | WARNING | CPU usage exceeded threshold (13.80%)
2026-06-29 15:00:03 | WARNING | Memory usage exceeded threshold (63.40%)
2026-06-29 15:00:03 | WARNING | Disk usage exceeded threshold (73.60%)
2026-06-29 15:00:06 | INFO | Health information saved successfully.
2026-06-29 15:00:06 | INFO | ============================================================
2026-06-29 15:18:25 | INFO | ============================================================
2026-06-29 15:18:25 | INFO | SERVER HEALTH MONITOR STARTED
2026-06-29 15:18:26 | INFO | Hostname : NISE_HARITH
2026-06-29 15:18:26 | INFO | IP Address : 192.168.1.19
2026-06-29 15:18:26 | INFO | Operating System : Windows
2026-06-29 15:18:26 | INFO | CPU Usage : 32.20%
2026-06-29 15:18:26 | INFO | Memory Usage : 66.70%
2026-06-29 15:18:26 | INFO | Disk Usage : 73.60%
2026-06-29 15:18:26 | INFO | CPU Status : High
2026-06-29 15:18:26 | INFO | Memory Status : High
2026-06-29 15:18:26 | INFO | Disk Status : High
2026-06-29 15:18:26 | WARNING | CPU usage exceeded threshold (32.20%)
2026-06-29 15:18:26 | WARNING | Memory usage exceeded threshold (66.70%)
2026-06-29 15:18:26 | WARNING | Disk usage exceeded threshold (73.60%)
2026-06-29 15:18:30 | INFO | Health information saved successfully.
2026-06-29 15:18:30 | INFO | ============================================================
2026-06-29 16:00:02 | INFO | ============================================================
2026-06-29 16:00:02 | INFO | SERVER HEALTH MONITOR STARTED
2026-06-29 16:00:03 | INFO | Hostname : NISE_HARITH
2026-06-29 16:00:03 | INFO | IP Address : 192.168.1.19
2026-06-29 16:00:03 | INFO | Operating System : Windows
2026-06-29 16:00:03 | INFO | CPU Usage : 18.90%
2026-06-29 16:00:03 | INFO | Memory Usage : 67.30%
2026-06-29 16:00:03 | INFO | Disk Usage : 73.80%
2026-06-29 16:00:03 | INFO | CPU Status : Normal
2026-06-29 16:00:03 | INFO | Memory Status : Normal
2026-06-29 16:00:03 | INFO | Disk Status : Normal
2026-06-29 16:00:03 | INFO | Health information saved successfully.
2026-06-29 16:00:03 | INFO | ============================================================
2026-06-29 17:00:02 | INFO | ============================================================
2026-06-29 17:00:02 | INFO | SERVER HEALTH MONITOR STARTED
2026-06-29 17:00:03 | INFO | Hostname : NISE_HARITH
2026-06-29 17:00:03 | INFO | IP Address : 192.168.1.19
2026-06-29 17:00:03 | INFO | Operating System : Windows
2026-06-29 17:00:03 | INFO | CPU Usage : 16.10%
2026-06-29 17:00:03 | INFO | Memory Usage : 66.40%
2026-06-29 17:00:03 | INFO | Disk Usage : 73.80%
2026-06-29 17:00:03 | INFO | CPU Status : Normal
2026-06-29 17:00:03 | INFO | Memory Status : Normal
2026-06-29 17:00:03 | INFO | Disk Status : Normal
2026-06-29 17:00:03 | INFO | Health information saved successfully.
2026-06-29 17:00:03 | INFO | ============================================================
2026-06-30 01:21:44 | INFO | ============================================================
2026-06-30 01:21:44 | INFO | SERVER HEALTH MONITOR STARTED
2026-06-30 01:21:45 | INFO | Hostname : NISE_HARITH
2026-06-30 01:21:45 | INFO | IP Address : 192.168.1.5
2026-06-30 01:21:45 | INFO | Operating System : Windows
2026-06-30 01:21:45 | INFO | CPU Usage : 77.30%
2026-06-30 01:21:45 | INFO | Memory Usage : 72.60%
2026-06-30 01:21:45 | INFO | Disk Usage : 77.70%
2026-06-30 01:21:45 | INFO | CPU Status : Normal
2026-06-30 01:21:45 | INFO | Memory Status : Normal
2026-06-30 01:21:45 | INFO | Disk Status : Normal
2026-06-30 01:21:45 | INFO | Health information saved successfully.
2026-06-30 01:21:45 | INFO | ============================================================
2026-06-30 09:31:57 | INFO | ============================================================
2026-06-30 09:31:57 | INFO | SERVER HEALTH MONITOR STARTED
2026-06-30 09:31:58 | INFO | Hostname : NISE_HARITH
2026-06-30 09:31:58 | INFO | IP Address : 192.168.1.26
2026-06-30 09:31:58 | INFO | Operating System : Windows
2026-06-30 09:31:58 | INFO | CPU Usage : 77.70%
2026-06-30 09:31:58 | INFO | Memory Usage : 73.10%
2026-06-30 09:31:58 | INFO | Disk Usage : 73.70%
2026-06-30 09:31:58 | INFO | CPU Status : Normal
2026-06-30 09:31:58 | INFO | Memory Status : Normal
2026-06-30 09:31:58 | INFO | Disk Status : Normal
2026-06-30 09:31:58 | INFO | Health information saved successfully.
2026-06-30 09:31:58 | INFO | ============================================================
2026-06-30 09:37:24 | INFO | ============================================================
2026-06-30 09:37:24 | INFO | SERVER HEALTH MONITOR STARTED
2026-06-30 09:37:25 | INFO | Hostname : NISE_HARITH
2026-06-30 09:37:25 | INFO | IP Address : 192.168.1.26
2026-06-30 09:37:25 | INFO | Operating System : Windows
2026-06-30 09:37:25 | INFO | CPU Usage : 59.90%
2026-06-30 09:37:25 | INFO | Memory Usage : 69.30%
2026-06-30 09:37:25 | INFO | Disk Usage : 73.80%
2026-06-30 09:37:25 | INFO | CPU Status : Normal
2026-06-30 09:37:25 | INFO | Memory Status : Normal
2026-06-30 09:37:25 | INFO | Disk Status : Normal
2026-06-30 09:37:25 | INFO | Health information saved successfully.
2026-06-30 09:37:25 | INFO | ============================================================
2026-06-30 10:00:02 | INFO | ============================================================
2026-06-30 10:00:02 | INFO | SERVER HEALTH MONITOR STARTED
2026-06-30 10:00:03 | INFO | Hostname : NISE_HARITH
2026-06-30 10:00:03 | INFO | IP Address : 192.168.1.26
2026-06-30 10:00:03 | INFO | Operating System : Windows
2026-06-30 10:00:03 | INFO | CPU Usage : 30.80%
2026-06-30 10:00:03 | INFO | Memory Usage : 69.90%
2026-06-30 10:00:03 | INFO | Disk Usage : 74.30%
2026-06-30 10:00:03 | INFO | CPU Status : Normal
2026-06-30 10:00:03 | INFO | Memory Status : Normal
2026-06-30 10:00:03 | INFO | Disk Status : Normal
2026-06-30 10:00:03 | INFO | Health information saved successfully.
2026-06-30 10:00:03 | INFO | ============================================================
2026-06-30 10:37:23 | INFO | ============================================================
2026-06-30 10:37:23 | INFO | SERVER HEALTH MONITOR STARTED
2026-06-30 10:37:25 | INFO | Hostname : NISE_HARITH
2026-06-30 10:37:25 | INFO | IP Address : 192.168.1.26
2026-06-30 10:37:25 | INFO | Operating System : Windows
2026-06-30 10:37:25 | INFO | CPU Usage : 14.00%
2026-06-30 10:37:25 | INFO | Memory Usage : 64.30%
2026-06-30 10:37:25 | INFO | Disk Usage : 74.10%
2026-06-30 10:37:25 | INFO | CPU Status : Normal
2026-06-30 10:37:25 | INFO | Memory Status : Normal
2026-06-30 10:37:25 | INFO | Disk Status : Normal
2026-06-30 10:37:25 | INFO | Health information saved successfully.
2026-06-30 10:37:25 | INFO | ============================================================
2026-06-30 11:00:02 | INFO | ============================================================
2026-06-30 11:00:02 | INFO | SERVER HEALTH MONITOR STARTED
2026-06-30 11:00:03 | INFO | Hostname : NISE_HARITH
2026-06-30 11:00:03 | INFO | IP Address : 192.168.1.26
2026-06-30 11:00:03 | INFO | Operating System : Windows
2026-06-30 11:00:03 | INFO | CPU Usage : 25.60%
2026-06-30 11:00:03 | INFO | Memory Usage : 68.20%
2026-06-30 11:00:03 | INFO | Disk Usage : 74.10%
2026-06-30 11:00:03 | INFO | CPU Status : Normal
2026-06-30 11:00:03 | INFO | Memory Status : Normal
2026-06-30 11:00:03 | INFO | Disk Status : Normal
2026-06-30 11:00:03 | INFO | Health information saved successfully.
2026-06-30 11:00:03 | INFO | ============================================================
2026-06-30 11:37:23 | INFO | ============================================================
2026-06-30 11:37:23 | INFO | SERVER HEALTH MONITOR STARTED
2026-06-30 11:37:24 | INFO | Hostname : NISE_HARITH
2026-06-30 11:37:24 | INFO | IP Address : 192.168.1.26
2026-06-30 11:37:24 | INFO | Operating System : Windows
2026-06-30 11:37:24 | INFO | CPU Usage : 34.60%
2026-06-30 11:37:24 | INFO | Memory Usage : 62.10%
2026-06-30 11:37:24 | INFO | Disk Usage : 74.10%
2026-06-30 11:37:24 | INFO | CPU Status : Normal
2026-06-30 11:37:24 | INFO | Memory Status : Normal
2026-06-30 11:37:24 | INFO | Disk Status : Normal
2026-06-30 11:37:24 | INFO | Health information saved successfully.
2026-06-30 11:37:24 | INFO | ============================================================
2026-06-30 12:00:02 | INFO | ============================================================
2026-06-30 12:00:02 | INFO | SERVER HEALTH MONITOR STARTED
2026-06-30 12:00:03 | INFO | Hostname : NISE_HARITH
2026-06-30 12:00:03 | INFO | IP Address : 192.168.1.26
2026-06-30 12:00:03 | INFO | Operating System : Windows
2026-06-30 12:00:03 | INFO | CPU Usage : 15.40%
2026-06-30 12:00:03 | INFO | Memory Usage : 67.20%
2026-06-30 12:00:03 | INFO | Disk Usage : 74.10%
2026-06-30 12:00:03 | INFO | CPU Status : Normal
2026-06-30 12:00:03 | INFO | Memory Status : Normal
2026-06-30 12:00:03 | INFO | Disk Status : Normal
2026-06-30 12:00:03 | INFO | Health information saved successfully.
2026-06-30 12:00:03 | INFO | ============================================================
2026-06-30 12:37:24 | INFO | ============================================================
2026-06-30 12:37:24 | INFO | SERVER HEALTH MONITOR STARTED
2026-06-30 12:37:25 | INFO | Hostname : NISE_HARITH
2026-06-30 12:37:25 | INFO | IP Address : 192.168.1.26
2026-06-30 12:37:25 | INFO | Operating System : Windows
2026-06-30 12:37:25 | INFO | CPU Usage : 13.10%
2026-06-30 12:37:25 | INFO | Memory Usage : 67.10%
2026-06-30 12:37:25 | INFO | Disk Usage : 73.60%
2026-06-30 12:37:25 | INFO | CPU Status : Normal
2026-06-30 12:37:25 | INFO | Memory Status : Normal
2026-06-30 12:37:25 | INFO | Disk Status : Normal
2026-06-30 12:37:25 | INFO | Health information saved successfully.
2026-06-30 12:37:25 | INFO | ============================================================
2026-06-30 13:00:02 | INFO | ============================================================
2026-06-30 13:00:02 | INFO | SERVER HEALTH MONITOR STARTED
2026-06-30 13:00:03 | INFO | Hostname : NISE_HARITH
2026-06-30 13:00:03 | INFO | IP Address : 192.168.1.26
2026-06-30 13:00:03 | INFO | Operating System : Windows
2026-06-30 13:00:03 | INFO | CPU Usage : 9.60%
2026-06-30 13:00:03 | INFO | Memory Usage : 67.30%
2026-06-30 13:00:03 | INFO | Disk Usage : 73.60%
2026-06-30 13:00:03 | INFO | CPU Status : Normal
2026-06-30 13:00:03 | INFO | Memory Status : Normal
2026-06-30 13:00:03 | INFO | Disk Status : Normal
2026-06-30 13:00:03 | INFO | Health information saved successfully.
2026-06-30 13:00:03 | INFO | ============================================================
2026-06-30 13:37:24 | INFO | ============================================================
2026-06-30 13:37:24 | INFO | SERVER HEALTH MONITOR STARTED
2026-06-30 13:37:25 | INFO | Hostname : NISE_HARITH
2026-06-30 13:37:25 | INFO | IP Address : 192.168.1.26
2026-06-30 13:37:25 | INFO | Operating System : Windows
2026-06-30 13:37:25 | INFO | CPU Usage : 21.90%
2026-06-30 13:37:25 | INFO | Memory Usage : 68.30%
2026-06-30 13:37:25 | INFO | Disk Usage : 73.60%
2026-06-30 13:37:25 | INFO | CPU Status : Normal
2026-06-30 13:37:25 | INFO | Memory Status : Normal
2026-06-30 13:37:25 | INFO | Disk Status : Normal
2026-06-30 13:37:25 | INFO | Health information saved successfully.
2026-06-30 13:37:25 | INFO | ============================================================
2026-06-30 14:00:02 | INFO | ============================================================
2026-06-30 14:00:02 | INFO | SERVER HEALTH MONITOR STARTED
2026-06-30 14:00:03 | INFO | Hostname : NISE_HARITH
2026-06-30 14:00:03 | INFO | IP Address : 192.168.1.26
2026-06-30 14:00:03 | INFO | Operating System : Windows
2026-06-30 14:00:03 | INFO | CPU Usage : 9.10%
2026-06-30 14:00:03 | INFO | Memory Usage : 68.80%
2026-06-30 14:00:03 | INFO | Disk Usage : 73.60%
2026-06-30 14:00:03 | INFO | CPU Status : Normal
2026-06-30 14:00:03 | INFO | Memory Status : Normal
2026-06-30 14:00:03 | INFO | Disk Status : Normal
2026-06-30 14:00:03 | INFO | Health information saved successfully.
2026-06-30 14:00:03 | INFO | ============================================================
2026-06-30 14:37:23 | INFO | ============================================================
2026-06-30 14:37:23 | INFO | SERVER HEALTH MONITOR STARTED
2026-06-30 14:37:25 | INFO | Hostname : NISE_HARITH
2026-06-30 14:37:25 | INFO | IP Address : 192.168.1.26
2026-06-30 14:37:25 | INFO | Operating System : Windows
2026-06-30 14:37:25 | INFO | CPU Usage : 8.90%
2026-06-30 14:37:25 | INFO | Memory Usage : 69.10%
2026-06-30 14:37:25 | INFO | Disk Usage : 73.60%
2026-06-30 14:37:25 | INFO | CPU Status : Normal
2026-06-30 14:37:25 | INFO | Memory Status : Normal
2026-06-30 14:37:25 | INFO | Disk Status : Normal
2026-06-30 14:37:25 | INFO | Health information saved successfully.
2026-06-30 14:37:25 | INFO | ============================================================
2026-06-30 15:00:02 | INFO | ============================================================
2026-06-30 15:00:02 | INFO | SERVER HEALTH MONITOR STARTED
2026-06-30 15:00:03 | INFO | Hostname : NISE_HARITH
2026-06-30 15:00:03 | INFO | IP Address : 192.168.1.26
2026-06-30 15:00:03 | INFO | Operating System : Windows
2026-06-30 15:00:03 | INFO | CPU Usage : 4.50%
2026-06-30 15:00:03 | INFO | Memory Usage : 70.40%
2026-06-30 15:00:03 | INFO | Disk Usage : 73.60%
2026-06-30 15:00:03 | INFO | CPU Status : Normal
2026-06-30 15:00:03 | INFO | Memory Status : Normal
2026-06-30 15:00:03 | INFO | Disk Status : Normal
2026-06-30 15:00:03 | INFO | Health information saved successfully.
2026-06-30 15:00:03 | INFO | ============================================================
2026-06-30 15:37:24 | INFO | ============================================================
2026-06-30 15:37:24 | INFO | SERVER HEALTH MONITOR STARTED
2026-06-30 15:37:25 | INFO | Hostname : NISE_HARITH
2026-06-30 15:37:25 | INFO | IP Address : 192.168.1.26
2026-06-30 15:37:25 | INFO | Operating System : Windows
2026-06-30 15:37:25 | INFO | CPU Usage : 11.30%
2026-06-30 15:37:25 | INFO | Memory Usage : 74.20%
2026-06-30 15:37:25 | INFO | Disk Usage : 73.50%
2026-06-30 15:37:25 | INFO | CPU Status : Normal
2026-06-30 15:37:25 | INFO | Memory Status : Normal
2026-06-30 15:37:25 | INFO | Disk Status : Normal
2026-06-30 15:37:25 | INFO | Health information saved successfully.
2026-06-30 15:37:25 | INFO | ============================================================
2026-06-30 15:49:05 | INFO | ============================================================
2026-06-30 15:49:05 | INFO | SERVER HEALTH MONITOR STARTED
2026-06-30 15:49:06 | INFO | Hostname : NISE_HARITH
2026-06-30 15:49:06 | INFO | IP Address : 192.168.1.26
2026-06-30 15:49:06 | INFO | Operating System : Windows
2026-06-30 15:49:06 | INFO | CPU Usage : 10.20%
2026-06-30 15:49:06 | INFO | Memory Usage : 71.60%
2026-06-30 15:49:06 | INFO | Disk Usage : 73.50%
2026-06-30 15:49:06 | INFO | CPU Status : Normal
2026-06-30 15:49:06 | INFO | Memory Status : Normal
2026-06-30 15:49:06 | INFO | Disk Status : Normal
2026-06-30 15:49:06 | INFO | Health information saved successfully.
2026-06-30 15:49:06 | INFO | ============================================================
2026-07-01 12:00:04 | INFO | ============================================================
2026-07-01 12:00:04 | INFO | SERVER HEALTH MONITOR STARTED
2026-07-01 12:00:05 | INFO | Hostname : NISE_HARITH
2026-07-01 12:00:05 | INFO | IP Address : 192.168.1.7
2026-07-01 12:00:05 | INFO | Operating System : Windows
2026-07-01 12:00:05 | INFO | CPU Usage : 19.60%
2026-07-01 12:00:05 | INFO | Memory Usage : 71.80%
2026-07-01 12:00:05 | INFO | Disk Usage : 73.40%
2026-07-01 12:00:05 | INFO | CPU Status : Normal
2026-07-01 12:00:05 | INFO | Memory Status : Normal
2026-07-01 12:00:05 | INFO | Disk Status : Normal
2026-07-01 12:00:05 | INFO | Health information saved successfully.
2026-07-01 12:00:05 | INFO | ============================================================
